<?xml version="1.0" encoding="UTF-8"?>
<!-- Generated by org.testng.reporters.JUnitXMLReporter -->
<testsuite ignored="0" hostname="NTB-257" failures="0" tests="3" name="Test" time="66.626" errors="0" timestamp="2022-07-19T10:58:35 CEST">
  <testcase classname="Academy.E2EProject.HomePageAssert" name="basePageNavigation" time="10.663"/>
  <testcase classname="Academy.E2EProject.HomePage" name="basePageNavigation" time="28.229"/>
  <testcase classname="Academy.E2EProject.HomePage" name="basePageNavigation" time="22.176"/>
</testsuite> <!-- Test -->
