<?xml version="1.0" encoding="UTF-8"?>
<testng-results ignored="0" total="2" passed="2" failed="0" skipped="0">
  <reporter-output>
  </reporter-output>
  <suite started-at="2022-07-28T15:48:17 CEST" name="Suite" finished-at="2022-07-28T15:49:06 CEST" duration-ms="49090">
    <groups>
      <group name="cucumber">
        <method signature="AbstractTestNGCucumberTests.runScenario(io.cucumber.testng.PickleWrapper,io.cucumber.testng.FeatureWrapper)[pri:0, instance:cucumberOptions.TestRunner@16fdec90]" name="runScenario" class="io.cucumber.testng.AbstractTestNGCucumberTests"/>
      </group> <!-- cucumber -->
    </groups>
    <test started-at="2022-07-28T15:48:17 CEST" name="TestCucumber" finished-at="2022-07-28T15:48:17 CEST" duration-ms="431">
      <class name="cucumberOptions.TestRunner">
        <test-method is-config="true" signature="setUpClass(org.testng.ITestContext)[pri:0, instance:cucumberOptions.TestRunner@16fdec90]" started-at="2022-07-28T15:48:17 CEST" name="setUpClass" finished-at="2022-07-28T15:48:17 CEST" duration-ms="354" status="PASS">
          <params>
            <param index="0">
              <value>
                <![CDATA[org.testng.TestRunner@2424686b]]>
              </value>
            </param>
          </params>
          <reporter-output>
          </reporter-output>
        </test-method> <!-- setUpClass -->
        <test-method is-config="true" signature="tearDownClass()[pri:0, instance:cucumberOptions.TestRunner@16fdec90]" started-at="2022-07-28T15:48:17 CEST" name="tearDownClass" finished-at="2022-07-28T15:48:17 CEST" duration-ms="18" status="PASS">
          <reporter-output>
          </reporter-output>
        </test-method> <!-- tearDownClass -->
      </class> <!-- cucumberOptions.TestRunner -->
    </test> <!-- TestCucumber -->
    <test started-at="2022-07-28T15:48:17 CEST" name="TestHome" finished-at="2022-07-28T15:49:06 CEST" duration-ms="49090">
      <class name="Academy.E2EProject.HomePage">
        <test-method signature="basePageNavigation(java.lang.String,java.lang.String)[pri:0, instance:Academy.E2EProject.HomePage@1d269ed7]" started-at="2022-07-28T15:48:17 CEST" name="basePageNavigation" data-provider="getData" finished-at="2022-07-28T15:48:43 CEST" duration-ms="26415" status="PASS">
          <params>
            <param index="0">
              <value>
                <![CDATA[private@spotter.com]]>
              </value>
            </param>
            <param index="1">
              <value>
                <![CDATA[privatePassword]]>
              </value>
            </param>
          </params>
          <reporter-output>
          </reporter-output>
        </test-method> <!-- basePageNavigation -->
        <test-method signature="basePageNavigation(java.lang.String,java.lang.String)[pri:0, instance:Academy.E2EProject.HomePage@1d269ed7]" started-at="2022-07-28T15:48:43 CEST" name="basePageNavigation" data-provider="getData" finished-at="2022-07-28T15:49:06 CEST" duration-ms="22458" status="PASS">
          <params>
            <param index="0">
              <value>
                <![CDATA[enterprise@spotter.com]]>
              </value>
            </param>
            <param index="1">
              <value>
                <![CDATA[enterprisePassword]]>
              </value>
            </param>
          </params>
          <reporter-output>
          </reporter-output>
        </test-method> <!-- basePageNavigation -->
        <test-method is-config="true" signature="teardown()[pri:0, instance:Academy.E2EProject.HomePage@1d269ed7]" started-at="2022-07-28T15:49:06 CEST" name="teardown" finished-at="2022-07-28T15:49:06 CEST" duration-ms="121" status="PASS">
          <reporter-output>
          </reporter-output>
        </test-method> <!-- teardown -->
      </class> <!-- Academy.E2EProject.HomePage -->
    </test> <!-- TestHome -->
  </suite> <!-- Suite -->
</testng-results>
