<?xml version="1.0" encoding="UTF-8"?>
<!-- Generated by org.testng.reporters.JUnitXMLReporter -->
<testsuite ignored="0" hostname="NTB-257" failures="0" tests="3" name="Test" time="70.207" errors="0" timestamp="2022-07-19T15:07:15 CEST">
  <testcase classname="Academy.E2EProject.HomePageAssert" name="basePageNavigation" time="19.562"/>
  <testcase classname="Academy.E2EProject.HomePage" name="basePageNavigation" time="22.856"/>
  <testcase classname="Academy.E2EProject.HomePage" name="basePageNavigation" time="23.036"/>
</testsuite> <!-- Test -->
